player/build/intermediates/manifest_merge_blame_file/release/manifest-merger-blame-release-report.txt
1<?xml version="1.0" encoding="utf-8"?>
2<manifest xmlns:android="http://schemas.android.com/apk/res/android"
3    package="com.rockcarry.fanplayer"
4    android:versionCode="1"
5    android:versionName="1.0" >
6
7    <uses-sdk
8        android:minSdkVersion="21"
8-->src\main\AndroidManifest.xml
9        android:targetSdkVersion="33" />
9-->src\main\AndroidManifest.xml
10
11    <uses-permission android:name="android.permission.INTERNET" />
11-->src\main\AndroidManifest.xml:8:5-67
11-->src\main\AndroidManifest.xml:8:22-64
12    <uses-permission android:name="android.permission.WRITE_MEDIA_STORAGE" />
12-->src\main\AndroidManifest.xml:9:5-78
12-->src\main\AndroidManifest.xml:9:22-75
13    <uses-permission android:name="android.permission.WRITE_EXTERNAL_STORAGE" />
13-->src\main\AndroidManifest.xml:10:5-81
13-->src\main\AndroidManifest.xml:10:22-78
14
15</manifest>